2016-11-14 16:59:02 INFO : org.springframework.web.context.ContextLoader - Root WebApplicationContext: initialization started
2016-11-14 16:59:02 INFO : org.springframework.web.context.ContextLoader - Root WebApplicationContext: initialization started
2016-11-14 16:59:02 INFO : org.springframework.web.context.support.XmlWebApplicationContext - Refreshing Root WebApplicationContext: startup date [Mon Nov 14 16:59:02 GMT+04:00 2016]; root of context hierarchy
2016-11-14 16:59:02 INFO : org.springframework.web.context.support.XmlWebApplicationContext - Refreshing Root WebApplicationContext: startup date [Mon Nov 14 16:59:02 GMT+04:00 2016]; root of context hierarchy
2016-11-14 16:59:02 INFO : org.springframework.beans.factory.xml.XmlBeanDefinitionReader - Loading XML bean definitions from ServletContext resource [/WEB-INF/applicationContext.xml]
2016-11-14 16:59:02 INFO : org.springframework.beans.factory.xml.XmlBeanDefinitionReader - Loading XML bean definitions from ServletContext resource [/WEB-INF/applicationContext.xml]
2016-11-14 16:59:03 INFO : org.springframework.web.context.ContextLoader - Root WebApplicationContext: initialization completed in 1153 ms
2016-11-14 16:59:03 INFO : org.springframework.web.context.ContextLoader - Root WebApplicationContext: initialization completed in 1153 ms
2016-11-14 16:59:03 INFO : org.springframework.web.servlet.DispatcherServlet - FrameworkServlet 'dispatcher': initialization started
2016-11-14 16:59:03 INFO : org.springframework.web.servlet.DispatcherServlet - FrameworkServlet 'dispatcher': initialization started
2016-11-14 16:59:03 INFO : org.springframework.web.context.support.XmlWebApplicationContext - Refreshing WebApplicationContext for namespace 'dispatcher-servlet': startup date [Mon Nov 14 16:59:03 GMT+04:00 2016]; parent: Root WebApplicationContext
2016-11-14 16:59:03 INFO : org.springframework.web.context.support.XmlWebApplicationContext - Refreshing WebApplicationContext for namespace 'dispatcher-servlet': startup date [Mon Nov 14 16:59:03 GMT+04:00 2016]; parent: Root WebApplicationContext
2016-11-14 16:59:03 INFO : org.springframework.beans.factory.xml.XmlBeanDefinitionReader - Loading XML bean definitions from ServletContext resource [/WEB-INF/dispatcher-servlet.xml]
2016-11-14 16:59:03 INFO : org.springframework.beans.factory.xml.XmlBeanDefinitionReader - Loading XML bean definitions from ServletContext resource [/WEB-INF/dispatcher-servlet.xml]
2016-11-14 16:59:04 INFO : org.springframework.web.servlet.mvc.method.annotation.RequestMappingHandlerMapping - Mapped "{[/shipDetails]}" onto public java.lang.String ru.ibs.ulstu.webapp.more.controller.navigation.NavigationController.shipDetails()
2016-11-14 16:59:04 INFO : org.springframework.web.servlet.mvc.method.annotation.RequestMappingHandlerMapping - Mapped "{[/shipDetails]}" onto public java.lang.String ru.ibs.ulstu.webapp.more.controller.navigation.NavigationController.shipDetails()
2016-11-14 16:59:04 INFO : org.springframework.web.servlet.mvc.method.annotation.RequestMappingHandlerMapping - Mapped "{[/ships]}" onto public java.lang.String ru.ibs.ulstu.webapp.more.controller.navigation.NavigationController.ships()
2016-11-14 16:59:04 INFO : org.springframework.web.servlet.mvc.method.annotation.RequestMappingHandlerMapping - Mapped "{[/ships]}" onto public java.lang.String ru.ibs.ulstu.webapp.more.controller.navigation.NavigationController.ships()
2016-11-14 16:59:05 INFO : org.springframework.web.servlet.mvc.method.annotation.RequestMappingHandlerAdapter - Looking for @ControllerAdvice: WebApplicationContext for namespace 'dispatcher-servlet': startup date [Mon Nov 14 16:59:03 GMT+04:00 2016]; parent: Root WebApplicationContext
2016-11-14 16:59:05 INFO : org.springframework.web.servlet.mvc.method.annotation.RequestMappingHandlerAdapter - Looking for @ControllerAdvice: WebApplicationContext for namespace 'dispatcher-servlet': startup date [Mon Nov 14 16:59:03 GMT+04:00 2016]; parent: Root WebApplicationContext
2016-11-14 16:59:05 INFO : org.springframework.web.servlet.mvc.method.annotation.RequestMappingHandlerAdapter - Looking for @ControllerAdvice: WebApplicationContext for namespace 'dispatcher-servlet': startup date [Mon Nov 14 16:59:03 GMT+04:00 2016]; parent: Root WebApplicationContext
2016-11-14 16:59:05 INFO : org.springframework.web.servlet.mvc.method.annotation.RequestMappingHandlerAdapter - Looking for @ControllerAdvice: WebApplicationContext for namespace 'dispatcher-servlet': startup date [Mon Nov 14 16:59:03 GMT+04:00 2016]; parent: Root WebApplicationContext
2016-11-14 16:59:05 INFO : org.springframework.web.servlet.handler.SimpleUrlHandlerMapping - Mapped URL path [/resources/**] onto handler 'org.springframework.web.servlet.resource.ResourceHttpRequestHandler#0'
2016-11-14 16:59:05 INFO : org.springframework.web.servlet.handler.SimpleUrlHandlerMapping - Mapped URL path [/resources/**] onto handler 'org.springframework.web.servlet.resource.ResourceHttpRequestHandler#0'
2016-11-14 16:59:05 INFO : org.springframework.web.servlet.handler.SimpleUrlHandlerMapping - Mapped URL path [/app/**] onto handler 'org.springframework.web.servlet.resource.ResourceHttpRequestHandler#1'
2016-11-14 16:59:05 INFO : org.springframework.web.servlet.handler.SimpleUrlHandlerMapping - Mapped URL path [/app/**] onto handler 'org.springframework.web.servlet.resource.ResourceHttpRequestHandler#1'
2016-11-14 16:59:05 INFO : org.springframework.web.servlet.DispatcherServlet - FrameworkServlet 'dispatcher': initialization completed in 1968 ms
2016-11-14 16:59:05 INFO : org.springframework.web.servlet.DispatcherServlet - FrameworkServlet 'dispatcher': initialization completed in 1968 ms
2016-11-14 16:59:24 WARN : org.springframework.web.servlet.PageNotFound - No mapping found for HTTP request with URI [/webapp-more/] in DispatcherServlet with name 'dispatcher'
2016-11-14 16:59:24 WARN : org.springframework.web.servlet.PageNotFound - No mapping found for HTTP request with URI [/webapp-more/] in DispatcherServlet with name 'dispatcher'
2016-11-14 17:12:33 WARN : org.springframework.web.servlet.PageNotFound - No mapping found for HTTP request with URI [/webapp-more/widget/searchform.js] in DispatcherServlet with name 'dispatcher'
2016-11-14 17:12:33 WARN : org.springframework.web.servlet.PageNotFound - No mapping found for HTTP request with URI [/webapp-more/widget/searchform.js] in DispatcherServlet with name 'dispatcher'
2016-11-14 17:13:55 WARN : org.springframework.web.servlet.PageNotFound - No mapping found for HTTP request with URI [/webapp-more/widget/searchform.js] in DispatcherServlet with name 'dispatcher'
2016-11-14 17:13:55 WARN : org.springframework.web.servlet.PageNotFound - No mapping found for HTTP request with URI [/webapp-more/widget/searchform.js] in DispatcherServlet with name 'dispatcher'
2016-11-14 17:15:07 WARN : org.springframework.web.servlet.PageNotFound - No mapping found for HTTP request with URI [/webapp-more/widget/widget/searchform.js] in DispatcherServlet with name 'dispatcher'
2016-11-14 17:15:07 WARN : org.springframework.web.servlet.PageNotFound - No mapping found for HTTP request with URI [/webapp-more/widget/widget/searchform.js] in DispatcherServlet with name 'dispatcher'
2016-11-14 17:17:00 WARN : org.springframework.web.servlet.PageNotFound - No mapping found for HTTP request with URI [/webapp-more/widget/searchform.js] in DispatcherServlet with name 'dispatcher'
2016-11-14 17:17:00 WARN : org.springframework.web.servlet.PageNotFound - No mapping found for HTTP request with URI [/webapp-more/widget/searchform.js] in DispatcherServlet with name 'dispatcher'
2016-11-14 17:17:53 WARN : org.springframework.web.servlet.PageNotFound - No mapping found for HTTP request with URI [/webapp-more/widget/searchform.js] in DispatcherServlet with name 'dispatcher'
2016-11-14 17:17:53 WARN : org.springframework.web.servlet.PageNotFound - No mapping found for HTTP request with URI [/webapp-more/widget/searchform.js] in DispatcherServlet with name 'dispatcher'
2016-11-14 17:19:31 WARN : org.springframework.web.servlet.PageNotFound - No mapping found for HTTP request with URI [/webapp-more/widget/searchform.js] in DispatcherServlet with name 'dispatcher'
2016-11-14 17:19:31 WARN : org.springframework.web.servlet.PageNotFound - No mapping found for HTTP request with URI [/webapp-more/widget/searchform.js] in DispatcherServlet with name 'dispatcher'
